[23:09:13] [info] JFEngine: Initialized Log!
[23:09:13] [info] JFEngine: Creating window JF Engine (1280, 720)
[23:09:14] [trace] JFEngine: MouseMovedEvent: 511, 12
[23:09:14] [trace] JFEngine: MouseMovedEvent: 510, 14
[23:09:14] [trace] JFEngine: MouseMovedEvent: 509, 14
[23:09:14] [trace] JFEngine: MouseMovedEvent: 509, 15
[23:09:14] [trace] JFEngine: MouseMovedEvent: 503, 33
[23:09:14] [trace] JFEngine: MouseMovedEvent: 503, 35
[23:09:14] [trace] JFEngine: MouseMovedEvent: 498, 53
[23:09:14] [trace] JFEngine: MouseMovedEvent: 496, 64
[23:09:14] [trace] JFEngine: MouseMovedEvent: 495, 68
[23:09:14] [trace] JFEngine: MouseMovedEvent: 495, 69
[23:09:14] [trace] JFEngine: MouseMovedEvent: 495, 72
[23:09:14] [trace] JFEngine: MouseMovedEvent: 496, 76
[23:09:14] [trace] JFEngine: MouseMovedEvent: 497, 76
[23:09:14] [trace] JFEngine: MouseMovedEvent: 503, 80
[23:09:14] [trace] JFEngine: MouseMovedEvent: 504, 81
[23:09:14] [trace] JFEngine: MouseMovedEvent: 505, 81
[23:09:14] [trace] JFEngine: MouseMovedEvent: 518, 85
[23:09:14] [trace] JFEngine: MouseMovedEvent: 520, 85
[23:09:14] [trace] JFEngine: MouseMovedEvent: 522, 85
[23:09:14] [trace] JFEngine: MouseMovedEvent: 541, 86
[23:09:14] [trace] JFEngine: MouseMovedEvent: 543, 86
[23:09:14] [trace] JFEngine: MouseMovedEvent: 545, 86
[23:09:14] [trace] JFEngine: MouseMovedEvent: 579, 85
[23:09:14] [trace] JFEngine: MouseMovedEvent: 586, 85
[23:09:14] [trace] JFEngine: MouseMovedEvent: 645, 79
[23:09:14] [trace] JFEngine: MouseMovedEvent: 649, 79
[23:09:14] [trace] JFEngine: MouseMovedEvent: 654, 79
[23:09:14] [trace] JFEngine: MouseMovedEvent: 659, 78
[23:09:14] [trace] JFEngine: MouseMovedEvent: 663, 78
[23:09:14] [trace] JFEngine: MouseMovedEvent: 685, 76
[23:09:14] [trace] JFEngine: MouseMovedEvent: 714, 74
[23:09:14] [trace] JFEngine: MouseMovedEvent: 725, 73
[23:09:14] [trace] JFEngine: MouseMovedEvent: 739, 72
[23:09:14] [trace] JFEngine: MouseMovedEvent: 744, 72
[23:09:14] [trace] JFEngine: MouseMovedEvent: 763, 70
[23:09:14] [trace] JFEngine: MouseMovedEvent: 791, 69
[23:09:14] [trace] JFEngine: MouseMovedEvent: 817, 66
[23:09:14] [trace] JFEngine: MouseMovedEvent: 839, 64
[23:09:14] [trace] JFEngine: MouseMovedEvent: 858, 62
[23:09:14] [trace] JFEngine: MouseMovedEvent: 870, 61
[23:09:14] [trace] JFEngine: MouseMovedEvent: 959, 52
[23:09:14] [trace] JFEngine: MouseMovedEvent: 1057, 42
[23:09:14] [trace] JFEngine: MouseMovedEvent: 1061, 42
[23:09:14] [trace] JFEngine: MouseMovedEvent: 1130, 31
[23:09:14] [trace] JFEngine: MouseMovedEvent: 1133, 30
[23:09:14] [trace] JFEngine: MouseMovedEvent: 1136, 29
[23:09:14] [trace] JFEngine: MouseMovedEvent: 1140, 29
[23:09:14] [trace] JFEngine: MouseMovedEvent: 1174, 21
[23:09:14] [trace] JFEngine: MouseMovedEvent: 1188, 14
[23:09:14] [trace] JFEngine: MouseMovedEvent: 1189, 13
[23:09:14] [trace] JFEngine: MouseMovedEvent: 1185, 11
[23:09:14] [trace] JFEngine: MouseMovedEvent: 1173, 10
[23:09:14] [trace] JFEngine: MouseMovedEvent: 1172, 10
[23:09:14] [trace] JFEngine: MouseMovedEvent: 1171, 10
[23:09:14] [trace] JFEngine: MouseMovedEvent: 1170, 10
[23:09:14] [trace] JFEngine: MouseMovedEvent: 1155, 10
[23:09:14] [trace] JFEngine: MouseMovedEvent: 1154, 10
[23:09:14] [trace] JFEngine: MouseMovedEvent: 1152, 10
[23:09:14] [trace] JFEngine: MouseMovedEvent: 1140, 11
[23:09:14] [trace] JFEngine: MouseMovedEvent: 1134, 12
[23:09:14] [trace] JFEngine: MouseMovedEvent: 1132, 12
[23:09:15] [trace] JFEngine: MouseMovedEvent: 1114, 15
[23:09:15] [trace] JFEngine: MouseMovedEvent: 1096, 16
[23:09:15] [trace] JFEngine: MouseMovedEvent: 1083, 16
[23:09:15] [trace] JFEngine: MouseMovedEvent: 1071, 16
[23:09:15] [trace] JFEngine: MouseMovedEvent: 1061, 16
[23:09:15] [trace] JFEngine: MouseMovedEvent: 1060, 16
[23:09:15] [trace] JFEngine: MouseMovedEvent: 1059, 16
[23:09:15] [trace] JFEngine: MouseMovedEvent: 1053, 14
[23:09:15] [trace] JFEngine: MouseMovedEvent: 1052, 14
[23:09:15] [trace] JFEngine: MouseMovedEvent: 1051, 13
[23:09:15] [trace] JFEngine: MouseMovedEvent: 1047, 11
[23:09:15] [trace] JFEngine: MouseMovedEvent: 1043, 7
[23:09:15] [trace] JFEngine: MouseMovedEvent: 1043, 5
[23:09:15] [trace] JFEngine: MouseMovedEvent: 1038, 0
[23:09:15] [trace] JFEngine: MouseMovedEvent: 1037, 0
[23:09:16] [trace] JFEngine: MouseMovedEvent: 454, 3
[23:09:16] [trace] JFEngine: MouseMovedEvent: 453, 4
[23:09:16] [trace] JFEngine: MouseMovedEvent: 425, 6
[23:09:16] [trace] JFEngine: MouseMovedEvent: 422, 6
[23:09:16] [trace] JFEngine: MouseMovedEvent: 420, 6
[23:09:16] [trace] JFEngine: MouseMovedEvent: 418, 6
[23:09:16] [trace] JFEngine: MouseMovedEvent: 414, 6
[23:09:16] [trace] JFEngine: MouseMovedEvent: 409, 6
[23:09:16] [trace] JFEngine: MouseMovedEvent: 404, 5
[23:09:16] [trace] JFEngine: MouseMovedEvent: 398, 4
[23:09:16] [trace] JFEngine: MouseMovedEvent: 389, 3
[23:09:16] [trace] JFEngine: MouseMovedEvent: 383, 1
[23:09:17] [trace] JFEngine: MouseMovedEvent: 746, 265
[23:09:17] [trace] JFEngine: MouseMovedEvent: 748, 266
[23:09:17] [trace] JFEngine: MouseMovedEvent: 752, 271
[23:09:17] [trace] JFEngine: MouseMovedEvent: 773, 303
[23:09:17] [trace] JFEngine: MouseMovedEvent: 787, 336
[23:09:17] [trace] JFEngine: MouseMovedEvent: 787, 339
[23:09:17] [trace] JFEngine: MouseMovedEvent: 787, 341
[23:09:17] [trace] JFEngine: MouseMovedEvent: 788, 343
[23:09:17] [trace] JFEngine: MouseMovedEvent: 788, 365
[23:09:17] [trace] JFEngine: MouseMovedEvent: 788, 367
[23:09:17] [trace] JFEngine: MouseMovedEvent: 769, 388
[23:09:17] [trace] JFEngine: MouseMovedEvent: 733, 406
[23:09:17] [trace] JFEngine: MouseMovedEvent: 685, 418
[23:09:17] [trace] JFEngine: MouseMovedEvent: 682, 419
[23:09:17] [trace] JFEngine: MouseMovedEvent: 678, 419
[23:09:17] [trace] JFEngine: MouseMovedEvent: 675, 419
[23:09:17] [trace] JFEngine: MouseMovedEvent: 672, 420
[23:09:17] [trace] JFEngine: MouseMovedEvent: 626, 423
[23:09:17] [trace] JFEngine: MouseMovedEvent: 585, 423
[23:09:17] [trace] JFEngine: MouseMovedEvent: 582, 423
[23:09:17] [trace] JFEngine: MouseMovedEvent: 560, 421
[23:09:17] [trace] JFEngine: MouseMovedEvent: 551, 416
[23:09:17] [trace] JFEngine: MouseMovedEvent: 551, 415
[23:09:17] [trace] JFEngine: MouseMovedEvent: 548, 406
[23:09:17] [trace] JFEngine: MouseMovedEvent: 548, 405
[23:09:17] [trace] JFEngine: MouseMovedEvent: 548, 404
[23:09:17] [trace] JFEngine: MouseMovedEvent: 555, 392
[23:09:17] [trace] JFEngine: MouseMovedEvent: 556, 391
[23:09:17] [trace] JFEngine: MouseMovedEvent: 558, 390
[23:09:17] [trace] JFEngine: MouseMovedEvent: 592, 373
[23:09:17] [trace] JFEngine: MouseMovedEvent: 661, 355
[23:09:17] [trace] JFEngine: MouseMovedEvent: 765, 343
[23:09:17] [trace] JFEngine: MouseMovedEvent: 771, 343
[23:09:17] [trace] JFEngine: MouseMovedEvent: 881, 339
[23:09:17] [trace] JFEngine: MouseMovedEvent: 888, 339
[23:09:17] [trace] JFEngine: MouseMovedEvent: 978, 350
[23:09:17] [trace] JFEngine: MouseMovedEvent: 981, 350
[23:09:17] [trace] JFEngine: MouseMovedEvent: 987, 352
[23:09:17] [trace] JFEngine: MouseMovedEvent: 990, 353
[23:09:17] [trace] JFEngine: MouseMovedEvent: 1018, 369
[23:09:17] [trace] JFEngine: MouseMovedEvent: 1020, 371
[23:09:17] [trace] JFEngine: MouseMovedEvent: 1025, 389
[23:09:17] [trace] JFEngine: MouseMovedEvent: 1025, 391
[23:09:17] [trace] JFEngine: MouseMovedEvent: 1019, 399
[23:09:17] [trace] JFEngine: MouseMovedEvent: 1017, 401
[23:09:17] [trace] JFEngine: MouseMovedEvent: 1011, 406
[23:09:17] [trace] JFEngine: MouseMovedEvent: 1009, 409
[23:09:17] [trace] JFEngine: MouseMovedEvent: 1007, 410
[23:09:17] [trace] JFEngine: MouseMovedEvent: 1006, 411
[23:09:17] [trace] JFEngine: MouseMovedEvent: 1001, 413
[23:09:17] [trace] JFEngine: MouseMovedEvent: 998, 416
[23:09:17] [trace] JFEngine: MouseMovedEvent: 994, 418
[23:09:17] [trace] JFEngine: MouseMovedEvent: 986, 421
[23:09:17] [trace] JFEngine: MouseMovedEvent: 984, 421
[23:09:17] [trace] JFEngine: MouseMovedEvent: 983, 422
[23:09:17] [trace] JFEngine: MouseMovedEvent: 980, 424
[23:09:17] [trace] JFEngine: MouseMovedEvent: 977, 425
[23:09:17] [trace] JFEngine: MouseMovedEvent: 918, 435
[23:09:17] [trace] JFEngine: MouseMovedEvent: 914, 436
[23:09:17] [trace] JFEngine: MouseMovedEvent: 910, 436
[23:09:17] [trace] JFEngine: MouseMovedEvent: 832, 436
[23:09:17] [trace] JFEngine: MouseMovedEvent: 825, 436
[23:09:17] [trace] JFEngine: MouseMovedEvent: 715, 428
[23:09:17] [trace] JFEngine: MouseMovedEvent: 614, 424
[23:09:17] [trace] JFEngine: MouseMovedEvent: 544, 420
[23:09:17] [trace] JFEngine: MouseMovedEvent: 541, 420
[23:09:17] [trace] JFEngine: MouseMovedEvent: 515, 413
[23:09:17] [trace] JFEngine: MouseMovedEvent: 514, 413
[23:09:17] [trace] JFEngine: MouseMovedEvent: 513, 412
[23:09:17] [trace] JFEngine: MouseMovedEvent: 511, 412
[23:09:17] [trace] JFEngine: MouseMovedEvent: 506, 407
[23:09:17] [trace] JFEngine: MouseMovedEvent: 506, 406
[23:09:17] [trace] JFEngine: MouseMovedEvent: 506, 404
[23:09:17] [trace] JFEngine: MouseMovedEvent: 505, 395
[23:09:17] [trace] JFEngine: MouseMovedEvent: 505, 394
[23:09:17] [trace] JFEngine: MouseMovedEvent: 505, 392
[23:09:17] [trace] JFEngine: MouseMovedEvent: 513, 381
[23:09:17] [trace] JFEngine: MouseMovedEvent: 514, 381
[23:09:17] [trace] JFEngine: MouseMovedEvent: 516, 380
[23:09:17] [trace] JFEngine: MouseMovedEvent: 518, 378
[23:09:17] [trace] JFEngine: MouseMovedEvent: 551, 366
[23:09:17] [trace] JFEngine: MouseMovedEvent: 618, 356
[23:09:17] [trace] JFEngine: MouseMovedEvent: 625, 356
[23:09:17] [trace] JFEngine: MouseMovedEvent: 629, 355
[23:09:17] [trace] JFEngine: MouseMovedEvent: 635, 355
[23:09:17] [trace] JFEngine: MouseMovedEvent: 713, 356
[23:09:17] [trace] JFEngine: MouseMovedEvent: 794, 375
[23:09:17] [trace] JFEngine: MouseMovedEvent: 800, 377
[23:09:17] [trace] JFEngine: MouseMovedEvent: 848, 406
[23:09:17] [trace] JFEngine: MouseMovedEvent: 849, 407
[23:09:17] [trace] JFEngine: MouseMovedEvent: 852, 409
[23:09:17] [trace] JFEngine: MouseMovedEvent: 853, 411
[23:09:17] [trace] JFEngine: MouseMovedEvent: 867, 434
[23:09:17] [trace] JFEngine: MouseMovedEvent: 868, 457
[23:09:17] [trace] JFEngine: MouseMovedEvent: 854, 474
[23:09:17] [trace] JFEngine: MouseMovedEvent: 852, 475
[23:09:17] [trace] JFEngine: MouseMovedEvent: 818, 491
[23:09:17] [trace] JFEngine: MouseMovedEvent: 816, 491
[23:09:17] [trace] JFEngine: MouseMovedEvent: 765, 503
[23:09:17] [trace] JFEngine: MouseMovedEvent: 760, 503
[23:09:17] [trace] JFEngine: MouseMovedEvent: 682, 508
[23:09:17] [trace] JFEngine: MouseMovedEvent: 671, 508
[23:09:17] [trace] JFEngine: MouseMovedEvent: 592, 508
[23:09:17] [trace] JFEngine: MouseMovedEvent: 588, 508
[23:09:17] [trace] JFEngine: MouseMovedEvent: 583, 508
[23:09:17] [trace] JFEngine: MouseMovedEvent: 577, 508
[23:09:17] [trace] JFEngine: MouseMovedEvent: 572, 508
[23:09:17] [trace] JFEngine: MouseMovedEvent: 523, 508
[23:09:17] [trace] JFEngine: MouseMovedEvent: 484, 507
[23:09:17] [trace] JFEngine: MouseMovedEvent: 461, 501
[23:09:17] [trace] JFEngine: MouseMovedEvent: 460, 500
[23:09:17] [trace] JFEngine: MouseMovedEvent: 459, 500
[23:09:17] [trace] JFEngine: MouseMovedEvent: 454, 493
[23:09:17] [trace] JFEngine: MouseMovedEvent: 454, 492
[23:09:17] [trace] JFEngine: MouseMovedEvent: 455, 478
[23:09:17] [trace] JFEngine: MouseMovedEvent: 455, 477
[23:09:17] [trace] JFEngine: MouseMovedEvent: 469, 459
[23:09:17] [trace] JFEngine: MouseMovedEvent: 471, 457
[23:09:17] [trace] JFEngine: MouseMovedEvent: 472, 456
[23:09:17] [trace] JFEngine: MouseMovedEvent: 513, 438
[23:09:17] [trace] JFEngine: MouseMovedEvent: 517, 437
[23:09:17] [trace] JFEngine: MouseMovedEvent: 581, 428
[23:09:17] [trace] JFEngine: MouseMovedEvent: 585, 428
[23:09:18] [trace] JFEngine: MouseMovedEvent: 661, 436
[23:09:18] [trace] JFEngine: MouseMovedEvent: 666, 437
[23:09:18] [trace] JFEngine: MouseMovedEvent: 670, 438
[23:09:18] [trace] JFEngine: MouseMovedEvent: 674, 440
[23:09:18] [trace] JFEngine: MouseMovedEvent: 680, 442
[23:09:18] [trace] JFEngine: MouseMovedEvent: 731, 463
[23:09:18] [trace] JFEngine: MouseMovedEvent: 734, 465
[23:09:18] [trace] JFEngine: MouseMovedEvent: 737, 467
[23:09:18] [trace] JFEngine: MouseMovedEvent: 772, 488
[23:09:18] [trace] JFEngine: MouseMovedEvent: 789, 502
[23:09:18] [trace] JFEngine: MouseMovedEvent: 793, 510
[23:09:18] [trace] JFEngine: MouseMovedEvent: 792, 515
[23:09:18] [trace] JFEngine: MouseMovedEvent: 781, 520
[23:09:18] [trace] JFEngine: MouseMovedEvent: 767, 524
[23:09:18] [trace] JFEngine: MouseMovedEvent: 766, 525
[23:09:18] [trace] JFEngine: MouseMovedEvent: 756, 528
[23:09:18] [trace] JFEngine: MouseMovedEvent: 755, 528
[23:09:18] [trace] JFEngine: MouseMovedEvent: 752, 529
[23:09:18] [trace] JFEngine: MouseMovedEvent: 751, 529
[23:09:18] [trace] JFEngine: MouseMovedEvent: 748, 529
[23:09:18] [trace] JFEngine: MouseButtonPressedEvent: 0
[23:09:18] [trace] JFEngine: MouseMovedEvent: 747, 529
[23:09:18] [trace] JFEngine: MouseMovedEvent: 747, 525
[23:09:18] [trace] JFEngine: MouseMovedEvent: 747, 520
[23:09:18] [trace] JFEngine: MouseMovedEvent: 748, 519
[23:09:18] [trace] JFEngine: MouseMovedEvent: 749, 516
[23:09:18] [trace] JFEngine: MouseMovedEvent: 749, 515
[23:09:18] [trace] JFEngine: MouseMovedEvent: 750, 515
[23:09:18] [trace] JFEngine: MouseMovedEvent: 750, 512
[23:09:18] [trace] JFEngine: MouseMovedEvent: 751, 510
[23:09:18] [trace] JFEngine: MouseButtonReleasedEvent: 0
[23:09:18] [trace] JFEngine: MouseMovedEvent: 752, 509
[23:09:18] [trace] JFEngine: MouseMovedEvent: 754, 506
[23:09:18] [trace] JFEngine: MouseMovedEvent: 754, 505
[23:09:18] [trace] JFEngine: MouseMovedEvent: 755, 503
[23:09:18] [trace] JFEngine: MouseMovedEvent: 755, 502
[23:09:18] [trace] JFEngine: MouseMovedEvent: 756, 499
[23:09:18] [trace] JFEngine: MouseMovedEvent: 756, 496
[23:09:18] [trace] JFEngine: MouseMovedEvent: 757, 496
[23:09:18] [trace] JFEngine: MouseMovedEvent: 758, 494
[23:09:18] [trace] JFEngine: MouseMovedEvent: 759, 493
[23:09:18] [trace] JFEngine: MouseMovedEvent: 760, 491
[23:09:18] [trace] JFEngine: MouseMovedEvent: 760, 488
[23:09:18] [trace] JFEngine: MouseMovedEvent: 760, 487
[23:09:18] [trace] JFEngine: MouseMovedEvent: 760, 483
[23:09:18] [trace] JFEngine: MouseMovedEvent: 759, 479
[23:09:18] [trace] JFEngine: MouseMovedEvent: 758, 476
[23:09:18] [trace] JFEngine: MouseMovedEvent: 757, 475
[23:09:18] [trace] JFEngine: MouseMovedEvent: 757, 474
[23:09:18] [trace] JFEngine: MouseMovedEvent: 755, 471
[23:09:18] [trace] JFEngine: MouseMovedEvent: 751, 466
[23:09:18] [trace] JFEngine: MouseMovedEvent: 750, 465
[23:09:18] [trace] JFEngine: MouseMovedEvent: 741, 455
[23:09:18] [trace] JFEngine: MouseMovedEvent: 740, 453
[23:09:18] [trace] JFEngine: MouseMovedEvent: 729, 433
[23:09:18] [trace] JFEngine: MouseMovedEvent: 727, 430
[23:09:18] [trace] JFEngine: MouseMovedEvent: 727, 427
[23:09:18] [trace] JFEngine: MouseMovedEvent: 704, 384
[23:09:18] [trace] JFEngine: MouseMovedEvent: 703, 381
[23:09:18] [trace] JFEngine: MouseMovedEvent: 677, 337
[23:09:18] [trace] JFEngine: MouseMovedEvent: 662, 301
[23:09:18] [trace] JFEngine: MouseMovedEvent: 661, 287
[23:09:18] [trace] JFEngine: MouseMovedEvent: 661, 286
[23:09:18] [trace] JFEngine: MouseMovedEvent: 662, 285
[23:09:18] [trace] JFEngine: MouseMovedEvent: 671, 279
[23:09:18] [trace] JFEngine: MouseMovedEvent: 691, 271
[23:09:18] [trace] JFEngine: MouseMovedEvent: 722, 264
[23:09:18] [trace] JFEngine: MouseMovedEvent: 725, 263
[23:09:18] [trace] JFEngine: MouseMovedEvent: 730, 262
[23:09:18] [trace] JFEngine: MouseMovedEvent: 732, 261
[23:09:18] [trace] JFEngine: MouseMovedEvent: 735, 261
[23:09:18] [trace] JFEngine: MouseMovedEvent: 739, 261
[23:09:18] [trace] JFEngine: MouseMovedEvent: 745, 259
[23:09:18] [trace] JFEngine: MouseMovedEvent: 765, 256
[23:09:18] [trace] JFEngine: MouseMovedEvent: 803, 252
[23:09:18] [trace] JFEngine: MouseMovedEvent: 817, 253
[23:09:18] [trace] JFEngine: MouseMovedEvent: 820, 258
[23:09:18] [trace] JFEngine: MouseMovedEvent: 819, 268
[23:09:18] [trace] JFEngine: MouseMovedEvent: 819, 269
[23:09:18] [trace] JFEngine: MouseMovedEvent: 808, 285
[23:09:18] [trace] JFEngine: MouseMovedEvent: 785, 303
[23:09:18] [trace] JFEngine: MouseMovedEvent: 776, 308
[23:09:18] [trace] JFEngine: MouseButtonPressedEvent: 1
[23:09:18] [trace] JFEngine: MouseMovedEvent: 747, 321
[23:09:18] [trace] JFEngine: MouseMovedEvent: 721, 331
[23:09:18] [trace] JFEngine: MouseMovedEvent: 702, 336
[23:09:18] [trace] JFEngine: MouseMovedEvent: 700, 336
[23:09:18] [trace] JFEngine: MouseMovedEvent: 694, 336
[23:09:18] [trace] JFEngine: MouseMovedEvent: 691, 336
[23:09:18] [trace] JFEngine: MouseMovedEvent: 690, 336
[23:09:18] [trace] JFEngine: MouseMovedEvent: 688, 336
[23:09:18] [trace] JFEngine: MouseButtonReleasedEvent: 1
[23:09:18] [trace] JFEngine: MouseMovedEvent: 687, 335
[23:09:18] [trace] JFEngine: MouseMovedEvent: 687, 334
[23:09:18] [trace] JFEngine: MouseMovedEvent: 686, 334
[23:09:18] [trace] JFEngine: MouseMovedEvent: 686, 333
[23:09:18] [trace] JFEngine: MouseMovedEvent: 684, 332
[23:09:19] [trace] JFEngine: MouseMovedEvent: 679, 328
[23:09:19] [trace] JFEngine: MouseMovedEvent: 665, 320
[23:09:19] [trace] JFEngine: MouseMovedEvent: 663, 320
[23:09:19] [trace] JFEngine: MouseMovedEvent: 663, 319
[23:09:19] [trace] JFEngine: MouseMovedEvent: 642, 310
[23:09:19] [trace] JFEngine: MouseMovedEvent: 641, 309
[23:09:19] [trace] JFEngine: MouseMovedEvent: 639, 309
[23:09:19] [trace] JFEngine: MouseMovedEvent: 617, 301
[23:09:19] [trace] JFEngine: MouseMovedEvent: 598, 296
[23:09:19] [trace] JFEngine: MouseMovedEvent: 579, 292
[23:09:19] [trace] JFEngine: MouseMovedEvent: 554, 286
[23:09:19] [trace] JFEngine: MouseMovedEvent: 523, 278
[23:09:19] [trace] JFEngine: MouseMovedEvent: 521, 277
[23:09:19] [trace] JFEngine: MouseMovedEvent: 517, 276
[23:09:19] [trace] JFEngine: MouseMovedEvent: 515, 276
[23:09:19] [trace] JFEngine: MouseMovedEvent: 513, 275
[23:09:19] [trace] JFEngine: MouseMovedEvent: 509, 274
[23:09:19] [trace] JFEngine: MouseMovedEvent: 506, 272
[23:09:19] [trace] JFEngine: MouseMovedEvent: 503, 272
[23:09:19] [trace] JFEngine: MouseMovedEvent: 501, 271
[23:09:19] [trace] JFEngine: MouseMovedEvent: 480, 264
[23:09:19] [trace] JFEngine: MouseMovedEvent: 477, 263
[23:09:19] [trace] JFEngine: MouseMovedEvent: 474, 262
[23:09:19] [trace] JFEngine: MouseMovedEvent: 463, 259
[23:09:19] [trace] JFEngine: MouseMovedEvent: 458, 258
[23:09:19] [trace] JFEngine: MouseMovedEvent: 455, 257
[23:09:19] [trace] JFEngine: MouseMovedEvent: 437, 252
[23:09:19] [trace] JFEngine: MouseMovedEvent: 434, 251
[23:09:19] [trace] JFEngine: MouseMovedEvent: 432, 250
[23:09:19] [trace] JFEngine: MouseMovedEvent: 402, 243
[23:09:19] [trace] JFEngine: MouseMovedEvent: 400, 242
[23:09:19] [trace] JFEngine: MouseMovedEvent: 399, 242
[23:09:19] [trace] JFEngine: MouseMovedEvent: 388, 240
[23:09:19] [trace] JFEngine: MouseMovedEvent: 385, 239
[23:09:19] [trace] JFEngine: MouseButtonPressedEvent: 0
[23:09:19] [trace] JFEngine: MouseMovedEvent: 384, 239
[23:09:19] [trace] JFEngine: MouseButtonReleasedEvent: 0
[23:09:19] [trace] JFEngine: MouseMovedEvent: 384, 241
[23:09:19] [trace] JFEngine: MouseMovedEvent: 383, 242
[23:09:19] [trace] JFEngine: MouseMovedEvent: 382, 242
[23:09:19] [trace] JFEngine: MouseMovedEvent: 380, 241
[23:09:19] [trace] JFEngine: MouseMovedEvent: 374, 230
[23:09:19] [trace] JFEngine: MouseMovedEvent: 370, 209
[23:09:19] [trace] JFEngine: MouseMovedEvent: 371, 173
[23:09:19] [trace] JFEngine: MouseMovedEvent: 372, 171
[23:09:19] [trace] JFEngine: MouseMovedEvent: 372, 168
[23:09:19] [trace] JFEngine: MouseMovedEvent: 372, 165
[23:09:19] [trace] JFEngine: MouseMovedEvent: 373, 161
[23:09:19] [trace] JFEngine: MouseMovedEvent: 375, 157
[23:09:19] [trace] JFEngine: MouseMovedEvent: 380, 132
[23:09:19] [trace] JFEngine: MouseMovedEvent: 389, 93
[23:09:19] [trace] JFEngine: MouseMovedEvent: 389, 91
[23:09:19] [trace] JFEngine: MouseMovedEvent: 394, 67
[23:09:19] [trace] JFEngine: MouseMovedEvent: 394, 66
[23:09:19] [trace] JFEngine: MouseMovedEvent: 394, 63
[23:09:19] [trace] JFEngine: MouseMovedEvent: 394, 53
[23:09:19] [trace] JFEngine: MouseMovedEvent: 392, 48
[23:09:19] [trace] JFEngine: MouseMovedEvent: 387, 43
[23:09:19] [trace] JFEngine: MouseMovedEvent: 383, 36
[23:09:19] [trace] JFEngine: MouseMovedEvent: 379, 27
[23:09:19] [trace] JFEngine: MouseMovedEvent: 377, 20
[23:09:19] [trace] JFEngine: MouseMovedEvent: 375, 16
[23:09:19] [trace] JFEngine: MouseMovedEvent: 373, 14
[23:09:19] [trace] JFEngine: MouseMovedEvent: 372, 14
[23:09:19] [trace] JFEngine: MouseMovedEvent: 369, 14
[23:09:19] [trace] JFEngine: MouseMovedEvent: 362, 19
[23:09:19] [trace] JFEngine: MouseMovedEvent: 362, 20
[23:09:19] [trace] JFEngine: MouseMovedEvent: 361, 20
[23:09:19] [trace] JFEngine: MouseMovedEvent: 353, 29
[23:09:19] [trace] JFEngine: MouseMovedEvent: 344, 43
[23:09:19] [trace] JFEngine: MouseMovedEvent: 337, 62
[23:09:19] [trace] JFEngine: MouseMovedEvent: 333, 77
[23:09:19] [trace] JFEngine: MouseMovedEvent: 329, 90
[23:09:19] [trace] JFEngine: MouseMovedEvent: 329, 99
[23:09:19] [trace] JFEngine: MouseMovedEvent: 329, 100
[23:09:19] [trace] JFEngine: MouseMovedEvent: 329, 101
[23:09:19] [trace] JFEngine: MouseMovedEvent: 329, 102
[23:09:19] [trace] JFEngine: MouseMovedEvent: 330, 108
[23:09:19] [trace] JFEngine: MouseMovedEvent: 337, 114
[23:09:19] [trace] JFEngine: MouseMovedEvent: 348, 118
[23:09:19] [trace] JFEngine: MouseMovedEvent: 359, 122
[23:09:19] [trace] JFEngine: MouseMovedEvent: 362, 124
[23:09:19] [trace] JFEngine: MouseMovedEvent: 362, 126
[23:09:19] [trace] JFEngine: MouseMovedEvent: 362, 129
[23:09:19] [trace] JFEngine: MouseMovedEvent: 361, 131
[23:09:19] [trace] JFEngine: MouseButtonPressedEvent: 0
[23:09:19] [trace] JFEngine: MouseMovedEvent: 361, 133
[23:09:20] [trace] JFEngine: MouseMovedEvent: 360, 133
[23:09:20] [trace] JFEngine: MouseButtonReleasedEvent: 0
[23:09:20] [trace] JFEngine: MouseMovedEvent: 360, 134
[23:09:20] [trace] JFEngine: MouseMovedEvent: 359, 134
[23:09:20] [trace] JFEngine: MouseButtonPressedEvent: 0
[23:09:20] [trace] JFEngine: MouseButtonReleasedEvent: 0
[23:09:20] [trace] JFEngine: MouseMovedEvent: 358, 128
[23:09:20] [trace] JFEngine: MouseMovedEvent: 355, 123
[23:09:20] [trace] JFEngine: MouseMovedEvent: 355, 122
[23:09:20] [trace] JFEngine: MouseMovedEvent: 355, 117
[23:09:20] [trace] JFEngine: MouseMovedEvent: 355, 115
[23:09:20] [trace] JFEngine: MouseMovedEvent: 354, 114
[23:09:20] [trace] JFEngine: MouseMovedEvent: 354, 116
[23:09:20] [trace] JFEngine: MouseMovedEvent: 355, 118
[23:09:20] [trace] JFEngine: KeyPressedEvent: 83 (0 repeats)
[23:09:20] [trace] JFEngine: MouseMovedEvent: 355, 120
[23:09:20] [trace] JFEngine: MouseMovedEvent: 356, 122
[23:09:20] [trace] JFEngine: MouseMovedEvent: 357, 122
[23:09:20] [trace] JFEngine: MouseMovedEvent: 357, 123
[23:09:20] [trace] JFEngine: KeyPressedEvent: 65 (0 repeats)
[23:09:20] [trace] JFEngine: KeyPressedEvent: 68 (0 repeats)
[23:09:20] [trace] JFEngine: KeyReleasedEvent: 83
[23:09:20] [trace] JFEngine: KeyReleasedEvent: 65
[23:09:20] [trace] JFEngine: KeyPressedEvent: 65 (0 repeats)
[23:09:20] [trace] JFEngine: KeyPressedEvent: 83 (0 repeats)
[23:09:20] [trace] JFEngine: MouseMovedEvent: 358, 122
[23:09:20] [trace] JFEngine: MouseMovedEvent: 361, 109
[23:09:20] [trace] JFEngine: KeyReleasedEvent: 68
[23:09:20] [trace] JFEngine: MouseMovedEvent: 362, 106
[23:09:20] [trace] JFEngine: MouseMovedEvent: 363, 87
[23:09:20] [trace] JFEngine: MouseMovedEvent: 363, 86
[23:09:20] [trace] JFEngine: MouseMovedEvent: 363, 84
[23:09:20] [trace] JFEngine: MouseMovedEvent: 362, 51
[23:09:20] [trace] JFEngine: MouseMovedEvent: 362, 48
[23:09:20] [trace] JFEngine: MouseMovedEvent: 359, 12
[23:09:20] [trace] JFEngine: MouseMovedEvent: 359, 9
[23:09:21] [trace] JFEngine: KeyPressedEvent: 68 (0 repeats)
[23:09:21] [trace] JFEngine: KeyReleasedEvent: 65
[23:09:21] [trace] JFEngine: KeyReleasedEvent: 83
[23:09:21] [trace] JFEngine: KeyPressedEvent: 65 (0 repeats)
[23:09:21] [trace] JFEngine: KeyPressedEvent: 83 (0 repeats)
[23:09:21] [trace] JFEngine: KeyReleasedEvent: 68
[23:09:21] [trace] JFEngine: KeyPressedEvent: 68 (0 repeats)
[23:09:21] [trace] JFEngine: KeyReleasedEvent: 65
[23:09:21] [trace] JFEngine: KeyReleasedEvent: 83
[23:09:21] [trace] JFEngine: KeyReleasedEvent: 68
[23:09:22] [trace] JFEngine: WindowClose
